Buildfile: /home/coreva/coreva_dev/streamit/build.xml

-pre-init:

-init-private:

-init-user:

-init-project:

-init-macrodef-property:

-do-init:

-post-init:

-init-check:

-init-ap-cmdline-properties:

-init-macrodef-javac-with-processors:

-init-macrodef-javac-without-processors:

-init-macrodef-javac:

-init-macrodef-test-impl:

-init-macrodef-junit-init:

-init-macrodef-junit-single:

-init-test-properties:

-init-macrodef-junit-batch:

-init-macrodef-junit:

-init-macrodef-junit-impl:

-init-macrodef-testng:

-init-macrodef-testng-impl:

-init-macrodef-test:

-init-macrodef-junit-debug:

-init-macrodef-junit-debug-batch:

-init-macrodef-junit-debug-impl:

-init-macrodef-test-debug-junit:

-init-macrodef-testng-debug:

-init-macrodef-testng-debug-impl:

-init-macrodef-test-debug-testng:

-init-macrodef-test-debug:

-init-debug-args:

-init-macrodef-nbjpda:

-init-macrodef-debug:

-init-macrodef-java:

-init-presetdef-jar:

-init-ap-cmdline-supported:

-init-ap-cmdline:

init:

-deps-jar-init:

deps-jar:
    [mkdir] Created dir: /home/coreva/coreva_dev/streamit/build

-warn-already-built-jar:
[propertyfile] Updating property file: /home/coreva/coreva_dev/streamit/build/built-jar.properties

-check-automatic-build:

-clean-after-automatic-build:

-verify-automatic-build:

-pre-pre-compile:
    [mkdir] Created dir: /home/coreva/coreva_dev/streamit/build/classes

-pre-compile:

-copy-persistence-xml:

-compile-depend:

-do-compile:
    [mkdir] Created dir: /home/coreva/coreva_dev/streamit/build/empty
    [mkdir] Created dir: /home/coreva/coreva_dev/streamit/build/generated-sources/ap-source-output
    [javac] Compiling 217 source files to /home/coreva/coreva_dev/streamit/build/classes
    [javac] Note: Some input files use or override a deprecated API.
    [javac] Note: Recompile with -Xlint:deprecation for details.
    [javac] Note: Some input files use unchecked or unsafe operations.
    [javac] Note: Recompile with -Xlint:unchecked for details.
    [javac] Creating empty /home/coreva/coreva_dev/streamit/build/classes/backend/common/evaluators/package-info.class
     [copy] Copying 2 files to /home/coreva/coreva_dev/streamit/build/classes

-post-compile:

compile:

-pre-jar:

-pre-pre-jar:
    [mkdir] Created dir: /home/coreva/coreva_dev/streamit/dist

-do-jar-create-manifest:

-do-jar-copy-manifest:
     [copy] Copying 1 file to /home/coreva/coreva_dev/streamit/build

-do-jar-set-mainclass:

-do-jar-set-profile:

-do-jar-set-splashscreen:

-do-jar-jar:

-init-macrodef-copylibs:

-do-jar-copylibs:
 [copylibs] Copy libraries to /home/coreva/coreva_dev/streamit/dist/lib.
 [copylibs] Building jar: /home/coreva/coreva_dev/streamit/dist/StreamIT2.jar
     [echo] To run this application from the command line without Ant, try:
     [echo] java -jar "/home/coreva/coreva_dev/streamit/dist/StreamIT2.jar"

-do-jar-delete-manifest:

-do-jar-without-libraries:

-do-jar-with-libraries:

-post-jar:

-do-jar:

jar:

BUILD SUCCESSFUL
Total time: 15 seconds
