
Gurobi 6.5.2 (linux64) logging started Wed 27 Jul 2016 06:17:38 AM CEST

Optimize a model with 240 rows, 1409 columns and 4733 nonzeros
Coefficient statistics:
  Matrix range    [1e+00, 4e+01]
  Objective range [1e+00, 1e+00]
  Bounds range    [1e+00, 1e+00]
  RHS range       [1e+00, 2e+01]
Found heuristic solution: objective 42
Presolve removed 101 rows and 486 columns
Presolve time: 0.02s
Presolved: 139 rows, 923 columns, 2776 nonzeros
Variable types: 1 continuous, 922 integer (901 binary)

Root relaxation: objective 3.250000e+00, 60 iterations, 0.01 seconds

    Nodes    |    Current Node    |     Objective Bounds      |     Work
 Expl Unexpl |  Obj  Depth IntInf | Incumbent    BestBd   Gap | It/Node Time

     0     0    3.25000    0   21   42.00000    3.25000  92.3%     -    0s
H    0     0                      40.0000000    3.25000  91.9%     -    0s
H    0     0                      20.0000000    3.25000  83.8%     -    0s
     0     0    5.59188    0   33   20.00000    5.59188  72.0%     -    0s
     0     0   14.75000    0   44   20.00000   14.75000  26.3%     -    0s
H    0     0                      16.0000000   14.75000  7.81%     -    0s
     0     0   14.75000    0   25   16.00000   14.75000  7.81%     -    0s
     0     0   15.25000    0   27   16.00000   15.25000  4.69%     -    0s
     0     0   15.25000    0   27   16.00000   15.25000  4.69%     -    0s
     0     0   15.25000    0   65   16.00000   15.25000  4.69%     -    0s
     0     0   15.25000    0   30   16.00000   15.25000  4.69%     -    0s
     0     2   15.25000    0   15   16.00000   15.25000  4.69%     -    0s

Cutting planes:
  Cover: 2
  MIR: 3
  Flow cover: 2
  Zero half: 2

Explored 2186 nodes (20553 simplex iterations) in 2.95 seconds
Thread count was 2 (of 2 available processors)

Optimal solution found (tolerance 1.00e-04)
Best objective 1.600000000000e+01, best bound 1.600000000000e+01, gap 0.0%
Warning: constraints 0 and 1 have the same name "Constraint_1_filter_0"

Gurobi 6.5.2 (linux64) logging started Wed 27 Jul 2016 06:19:06 AM CEST

Optimize a model with 240 rows, 1409 columns and 4733 nonzeros
Coefficient statistics:
  Matrix range    [1e+00, 4e+01]
  Objective range [1e+00, 1e+00]
  Bounds range    [1e+00, 1e+00]
  RHS range       [1e+00, 2e+01]
Found heuristic solution: objective 42
Presolve removed 101 rows and 486 columns
Presolve time: 0.02s
Presolved: 139 rows, 923 columns, 2776 nonzeros
Variable types: 1 continuous, 922 integer (901 binary)

Root relaxation: objective 3.250000e+00, 60 iterations, 0.00 seconds

    Nodes    |    Current Node    |     Objective Bounds      |     Work
 Expl Unexpl |  Obj  Depth IntInf | Incumbent    BestBd   Gap | It/Node Time

     0     0    3.25000    0   21   42.00000    3.25000  92.3%     -    0s
H    0     0                      40.0000000    3.25000  91.9%     -    0s
H    0     0                      20.0000000    3.25000  83.8%     -    0s
     0     0    5.59188    0   33   20.00000    5.59188  72.0%     -    0s
     0     0   14.75000    0   44   20.00000   14.75000  26.3%     -    0s
H    0     0                      16.0000000   14.75000  7.81%     -    0s
     0     0   14.75000    0   25   16.00000   14.75000  7.81%     -    0s
     0     0   15.25000    0   27   16.00000   15.25000  4.69%     -    0s
     0     0   15.25000    0   27   16.00000   15.25000  4.69%     -    0s
     0     0   15.25000    0   65   16.00000   15.25000  4.69%     -    0s
     0     0   15.25000    0   30   16.00000   15.25000  4.69%     -    0s
     0     2   15.25000    0   15   16.00000   15.25000  4.69%     -    0s

Cutting planes:
  Cover: 2
  MIR: 3
  Flow cover: 2
  Zero half: 2

Explored 2186 nodes (20553 simplex iterations) in 3.00 seconds
Thread count was 2 (of 2 available processors)

Optimal solution found (tolerance 1.00e-04)
Best objective 1.600000000000e+01, best bound 1.600000000000e+01, gap 0.0%
Warning: constraints 0 and 1 have the same name "Constraint_1_filter_0"

Gurobi 6.5.2 (linux64) logging started Wed 27 Jul 2016 07:34:01 AM CEST

Optimize a model with 240 rows, 1409 columns and 4733 nonzeros
Coefficient statistics:
  Matrix range    [1e+00, 4e+01]
  Objective range [1e+00, 1e+00]
  Bounds range    [1e+00, 1e+00]
  RHS range       [1e+00, 2e+01]
Found heuristic solution: objective 42
Presolve removed 101 rows and 486 columns
Presolve time: 0.05s
Presolved: 139 rows, 923 columns, 2776 nonzeros
Variable types: 1 continuous, 922 integer (901 binary)

Root relaxation: objective 3.250000e+00, 60 iterations, 0.03 seconds

    Nodes    |    Current Node    |     Objective Bounds      |     Work
 Expl Unexpl |  Obj  Depth IntInf | Incumbent    BestBd   Gap | It/Node Time

     0     0    3.25000    0   21   42.00000    3.25000  92.3%     -    0s
H    0     0                      40.0000000    3.25000  91.9%     -    0s
H    0     0                      20.0000000    3.25000  83.8%     -    0s
     0     0    5.59188    0   33   20.00000    5.59188  72.0%     -    0s
     0     0   14.75000    0   44   20.00000   14.75000  26.3%     -    0s
H    0     0                      16.0000000   14.75000  7.81%     -    0s
     0     0   14.75000    0   25   16.00000   14.75000  7.81%     -    0s
     0     0   15.25000    0   27   16.00000   15.25000  4.69%     -    0s
     0     0   15.25000    0   27   16.00000   15.25000  4.69%     -    0s
     0     0   15.25000    0   65   16.00000   15.25000  4.69%     -    0s
     0     0   15.25000    0   30   16.00000   15.25000  4.69%     -    0s
     0     2   15.25000    0   15   16.00000   15.25000  4.69%     -    0s
  2185   618   15.48571   31   12   16.00000   15.25000  4.69%   8.7    5s

Cutting planes:
  Cover: 2
  MIR: 3
  Flow cover: 2
  Zero half: 2

Explored 2186 nodes (20553 simplex iterations) in 5.07 seconds
Thread count was 2 (of 2 available processors)

Optimal solution found (tolerance 1.00e-04)
Best objective 1.600000000000e+01, best bound 1.600000000000e+01, gap 0.0%
Warning: constraints 0 and 1 have the same name "Constraint_1_filter_0"

Gurobi 6.5.2 (linux64) logging started Tue 02 Aug 2016 06:00:26 AM CEST

Optimize a model with 94 rows, 497 columns and 1619 nonzeros
Coefficient statistics:
  Matrix range    [1e+00, 2e+03]
  Objective range [1e+00, 1e+00]
  Bounds range    [1e+00, 1e+00]
  RHS range       [1e+00, 2e+01]
Found heuristic solution: objective 2205
Presolve removed 42 rows and 186 columns
Presolve time: 0.01s
Presolved: 52 rows, 311 columns, 936 nonzeros
Variable types: 1 continuous, 310 integer (303 binary)

Root relaxation: objective 1.250000e-01, 26 iterations, 0.02 seconds

    Nodes    |    Current Node    |     Objective Bounds      |     Work
 Expl Unexpl |  Obj  Depth IntInf | Incumbent    BestBd   Gap | It/Node Time

     0     0    0.12500    0   12 2205.00000    0.12500   100%     -    0s
H    0     0                    1102.0000000    0.12500   100%     -    0s
     0     0    0.12500    0   13 1102.00000    0.12500   100%     -    0s
     0     0   36.77670    0   19 1102.00000   36.77670  96.7%     -    0s
     0     0  206.75000    0   17 1102.00000  206.75000  81.2%     -    0s
H    0     0                     734.6666667  206.75000  71.9%     -    0s
     0     0  275.62500    0   21  734.66667  275.62500  62.5%     -    0s
H    0     0                     276.5000000  275.62500  0.32%     -    0s
     0     0  275.62500    0    8  276.50000  275.62500  0.32%     -    0s
     0     0  275.62500    0    8  276.50000  275.62500  0.32%     -    0s
     0     0 infeasible    0       276.50000  276.37528  0.05%     -    0s

Cutting planes:
  Cover: 8

Explored 0 nodes (359 simplex iterations) in 0.11 seconds
Thread count was 2 (of 2 available processors)

Optimal solution found (tolerance 1.00e-04)
Best objective 2.765000000000e+02, best bound 2.765000000000e+02, gap 0.0%
Warning: constraints 0 and 1 have the same name "Constraint_1_filter_0"

Gurobi 6.5.2 (linux64) logging started Tue 02 Aug 2016 06:00:34 AM CEST

Optimize a model with 240 rows, 1409 columns and 4741 nonzeros
Coefficient statistics:
  Matrix range    [1e+00, 6e+02]
  Objective range [1e+00, 1e+00]
  Bounds range    [1e+00, 1e+00]
  RHS range       [1e+00, 2e+01]
Found heuristic solution: objective 1381
Presolve removed 100 rows and 478 columns
Presolve time: 0.02s
Presolved: 140 rows, 931 columns, 2792 nonzeros
Variable types: 1 continuous, 930 integer (909 binary)

Root relaxation: objective 1.587500e+01, 72 iterations, 0.00 seconds

    Nodes    |    Current Node    |     Objective Bounds      |     Work
 Expl Unexpl |  Obj  Depth IntInf | Incumbent    BestBd   Gap | It/Node Time

     0     0   15.87500    0   21 1381.00000   15.87500  98.9%     -    0s
H    0     0                     302.0000000   15.87500  94.7%     -    0s
     0     0   33.28868    0   34  302.00000   33.28868  89.0%     -    0s
     0     0  172.62500    0   30  302.00000  172.62500  42.8%     -    0s
H    0     0                     226.5000000  172.62500  23.8%     -    0s
     0     0  172.62500    0   44  226.50000  172.62500  23.8%     -    0s
     0     0  172.62500    0   13  226.50000  172.62500  23.8%     -    0s
H    0     0                     201.3333333  172.62500  14.3%     -    0s
     0     2  172.62500    0   13  201.33333  172.62500  14.3%     -    0s
H   55    15                     186.6190476  172.62500  7.50%  17.0    0s
*   69    17              24     173.2857143  172.62500  0.38%  14.6    0s
H   86    34                     173.0000000  172.62500  0.22%  12.4    0s
  1470   658  172.78571   22   15  173.00000  172.62500  0.22%   9.5    5s

Cutting planes:
  Cover: 11
  Clique: 4
  MIR: 4
  Zero half: 1

Explored 2132 nodes (24060 simplex iterations) in 7.21 seconds
Thread count was 2 (of 2 available processors)

Optimal solution found (tolerance 1.00e-04)
Best objective 1.730000000000e+02, best bound 1.730000000000e+02, gap 0.0%
Warning: constraints 0 and 1 have the same name "Constraint_1_filter_0"

Gurobi 6.5.2 (linux64) logging started Tue 02 Aug 2016 06:00:52 AM CEST

Optimize a model with 94 rows, 497 columns and 1619 nonzeros
Coefficient statistics:
  Matrix range    [1e+00, 2e+01]
  Objective range [1e+00, 1e+00]
  Bounds range    [1e+00, 1e+00]
  RHS range       [1e+00, 2e+01]
Found heuristic solution: objective 12
Presolve removed 42 rows and 186 columns
Presolve time: 0.00s
Presolved: 52 rows, 311 columns, 936 nonzeros
Variable types: 1 continuous, 310 integer (303 binary)

Root relaxation: objective 1.250000e-01, 27 iterations, 0.00 seconds

    Nodes    |    Current Node    |     Objective Bounds      |     Work
 Expl Unexpl |  Obj  Depth IntInf | Incumbent    BestBd   Gap | It/Node Time

     0     0    0.12500    0   12   12.00000    0.12500  99.0%     -    0s
H    0     0                       2.7500000    0.12500  95.5%     -    0s
     0     0    0.51368    0   21    2.75000    0.51368  81.3%     -    0s
H    0     0                       2.2000000    0.51368  76.7%     -    0s
     0     0    0.53932    0   22    2.20000    0.53932  75.5%     -    0s
     0     0    1.50000    0    8    2.20000    1.50000  31.8%     -    0s
     0     0    1.50000    0   13    2.20000    1.50000  31.8%     -    0s
H    0     0                       1.5714286    1.50000  4.55%     -    0s
     0     0    1.50000    0    8    1.57143    1.50000  4.55%     -    0s
     0     0    1.50000    0   16    1.57143    1.50000  4.55%     -    0s
     0     0    1.50000    0   26    1.57143    1.50000  4.55%     -    0s
     0     0    1.50000    0   26    1.57143    1.50000  4.55%     -    0s
     0     0    1.50000    0   16    1.57143    1.50000  4.55%     -    0s
     0     0    1.50000    0   17    1.57143    1.50000  4.55%     -    0s
     0     0    1.50476    0   20    1.57143    1.50476  4.24%     -    0s
     0     0    1.50476    0   14    1.57143    1.50476  4.24%     -    0s
     0     0    1.50476    0   14    1.57143    1.50476  4.24%     -    0s
     0     0    1.50476    0   25    1.57143    1.50476  4.24%     -    0s
     0     0    1.51786    0    8    1.57143    1.51786  3.41%     -    0s
     0     0    1.51786    0    8    1.57143    1.51786  3.41%     -    0s

Cutting planes:
  Gomory: 3
  Implied bound: 2
  Clique: 1

Explored 0 nodes (946 simplex iterations) in 0.16 seconds
Thread count was 2 (of 2 available processors)

Optimal solution found (tolerance 1.00e-04)
Best objective 1.571428571429e+00, best bound 1.571428571429e+00, gap 0.0%
Warning: constraints 0 and 1 have the same name "Constraint_1_filter_0"

Gurobi 6.5.2 (linux64) logging started Tue 02 Aug 2016 09:32:03 AM CEST

Optimize a model with 94 rows, 497 columns and 1619 nonzeros
Coefficient statistics:
  Matrix range    [1e+00, 2e+03]
  Objective range [1e+00, 1e+00]
  Bounds range    [1e+00, 1e+00]
  RHS range       [1e+00, 2e+01]
Found heuristic solution: objective 2205
Presolve removed 42 rows and 186 columns
Presolve time: 0.01s
Presolved: 52 rows, 311 columns, 936 nonzeros
Variable types: 1 continuous, 310 integer (303 binary)

Root relaxation: objective 1.250000e-01, 26 iterations, 0.00 seconds

    Nodes    |    Current Node    |     Objective Bounds      |     Work
 Expl Unexpl |  Obj  Depth IntInf | Incumbent    BestBd   Gap | It/Node Time

     0     0    0.12500    0   12 2205.00000    0.12500   100%     -    0s
H    0     0                    1102.0000000    0.12500   100%     -    0s
     0     0    0.12500    0   13 1102.00000    0.12500   100%     -    0s
     0     0   36.77670    0   19 1102.00000   36.77670  96.7%     -    0s
     0     0  206.75000    0   17 1102.00000  206.75000  81.2%     -    0s
H    0     0                     734.6666667  206.75000  71.9%     -    0s
     0     0  275.62500    0   21  734.66667  275.62500  62.5%     -    0s
H    0     0                     276.5000000  275.62500  0.32%     -    0s
     0     0  275.62500    0    8  276.50000  275.62500  0.32%     -    0s
     0     0  275.62500    0    8  276.50000  275.62500  0.32%     -    0s
     0     0 infeasible    0       276.50000  276.37528  0.05%     -    0s

Cutting planes:
  Cover: 8

Explored 0 nodes (359 simplex iterations) in 0.08 seconds
Thread count was 2 (of 2 available processors)

Optimal solution found (tolerance 1.00e-04)
Best objective 2.765000000000e+02, best bound 2.765000000000e+02, gap 0.0%
Warning: constraints 0 and 1 have the same name "Constraint_1_filter_0"

Gurobi 6.5.2 (linux64) logging started Tue 02 Aug 2016 09:32:07 AM CEST

Optimize a model with 240 rows, 1409 columns and 4741 nonzeros
Coefficient statistics:
  Matrix range    [1e+00, 6e+02]
  Objective range [1e+00, 1e+00]
  Bounds range    [1e+00, 1e+00]
  RHS range       [1e+00, 2e+01]
Found heuristic solution: objective 1381
Presolve removed 100 rows and 478 columns
Presolve time: 0.01s
Presolved: 140 rows, 931 columns, 2792 nonzeros
Variable types: 1 continuous, 930 integer (909 binary)

Root relaxation: objective 1.587500e+01, 72 iterations, 0.00 seconds

    Nodes    |    Current Node    |     Objective Bounds      |     Work
 Expl Unexpl |  Obj  Depth IntInf | Incumbent    BestBd   Gap | It/Node Time

     0     0   15.87500    0   21 1381.00000   15.87500  98.9%     -    0s
H    0     0                     302.0000000   15.87500  94.7%     -    0s
     0     0   33.28868    0   34  302.00000   33.28868  89.0%     -    0s
     0     0  172.62500    0   30  302.00000  172.62500  42.8%     -    0s
H    0     0                     226.5000000  172.62500  23.8%     -    0s
     0     0  172.62500    0   44  226.50000  172.62500  23.8%     -    0s
     0     0  172.62500    0   13  226.50000  172.62500  23.8%     -    0s
H    0     0                     201.3333333  172.62500  14.3%     -    0s
     0     2  172.62500    0   13  201.33333  172.62500  14.3%     -    0s
H   55    15                     186.6190476  172.62500  7.50%  17.0    0s
*   69    17              24     173.2857143  172.62500  0.38%  14.6    0s
H   86    34                     173.0000000  172.62500  0.22%  12.4    0s

Cutting planes:
  Cover: 11
  Clique: 4
  MIR: 4
  Zero half: 1

Explored 2132 nodes (24060 simplex iterations) in 3.50 seconds
Thread count was 2 (of 2 available processors)

Optimal solution found (tolerance 1.00e-04)
Best objective 1.730000000000e+02, best bound 1.730000000000e+02, gap 0.0%
Warning: constraints 0 and 1 have the same name "Constraint_1_filter_0"

Gurobi 6.5.2 (linux64) logging started Tue 02 Aug 2016 09:32:15 AM CEST

Optimize a model with 94 rows, 497 columns and 1619 nonzeros
Coefficient statistics:
  Matrix range    [1e+00, 2e+01]
  Objective range [1e+00, 1e+00]
  Bounds range    [1e+00, 1e+00]
  RHS range       [1e+00, 2e+01]
Found heuristic solution: objective 12
Presolve removed 42 rows and 186 columns
Presolve time: 0.00s
Presolved: 52 rows, 311 columns, 936 nonzeros
Variable types: 1 continuous, 310 integer (303 binary)

Root relaxation: objective 1.250000e-01, 27 iterations, 0.00 seconds

    Nodes    |    Current Node    |     Objective Bounds      |     Work
 Expl Unexpl |  Obj  Depth IntInf | Incumbent    BestBd   Gap | It/Node Time

     0     0    0.12500    0   12   12.00000    0.12500  99.0%     -    0s
H    0     0                       2.7500000    0.12500  95.5%     -    0s
     0     0    0.51368    0   21    2.75000    0.51368  81.3%     -    0s
H    0     0                       2.2000000    0.51368  76.7%     -    0s
     0     0    0.53932    0   22    2.20000    0.53932  75.5%     -    0s
     0     0    1.50000    0    8    2.20000    1.50000  31.8%     -    0s
     0     0    1.50000    0   13    2.20000    1.50000  31.8%     -    0s
H    0     0                       1.5714286    1.50000  4.55%     -    0s
     0     0    1.50000    0    8    1.57143    1.50000  4.55%     -    0s
     0     0    1.50000    0   16    1.57143    1.50000  4.55%     -    0s
     0     0    1.50000    0   26    1.57143    1.50000  4.55%     -    0s
     0     0    1.50000    0   26    1.57143    1.50000  4.55%     -    0s
     0     0    1.50000    0   16    1.57143    1.50000  4.55%     -    0s
     0     0    1.50000    0   17    1.57143    1.50000  4.55%     -    0s
     0     0    1.50476    0   20    1.57143    1.50476  4.24%     -    0s
     0     0    1.50476    0   14    1.57143    1.50476  4.24%     -    0s
     0     0    1.50476    0   14    1.57143    1.50476  4.24%     -    0s
     0     0    1.50476    0   25    1.57143    1.50476  4.24%     -    0s
     0     0    1.51786    0    8    1.57143    1.51786  3.41%     -    0s
     0     0    1.51786    0    8    1.57143    1.51786  3.41%     -    0s

Cutting planes:
  Gomory: 3
  Implied bound: 2
  Clique: 1

Explored 0 nodes (946 simplex iterations) in 0.12 seconds
Thread count was 2 (of 2 available processors)

Optimal solution found (tolerance 1.00e-04)
Best objective 1.571428571429e+00, best bound 1.571428571429e+00, gap 0.0%
Warning: constraints 0 and 1 have the same name "Constraint_1_filter_0"

Gurobi 6.5.2 (linux64) logging started Wed 03 Aug 2016 07:10:26 AM CEST

Optimize a model with 83 rows, 497 columns and 824 nonzeros
Coefficient statistics:
  Matrix range    [1e+00, 2e+03]
  Objective range [1e+00, 1e+00]
  Bounds range    [1e+00, 1e+00]
  RHS range       [1e+00, 1e+00]
Found heuristic solution: objective 2205
Presolve removed 73 rows and 480 columns
Presolve time: 0.03s
Presolved: 10 rows, 17 columns, 40 nonzeros
Variable types: 0 continuous, 17 integer (16 binary)

Root relaxation: objective 2.756250e+02, 11 iterations, 0.03 seconds

    Nodes    |    Current Node    |     Objective Bounds      |     Work
 Expl Unexpl |  Obj  Depth IntInf | Incumbent    BestBd   Gap | It/Node Time

     0     0  275.62500    0    9 2205.00000  275.62500  87.5%     -    0s
H    0     0                    2204.0000000  275.62500  87.5%     -    0s
     0     0     cutoff    0      2204.00000 2203.00221  0.05%     -    0s

Explored 0 nodes (19 simplex iterations) in 0.09 seconds
Thread count was 2 (of 2 available processors)

Optimal solution found (tolerance 1.00e-04)
Best objective 2.204000000000e+03, best bound 2.204000000000e+03, gap 0.0%
Warning: constraints 0 and 1 have the same name "Constraint_1_filter_0"

Gurobi 6.5.2 (linux64) logging started Wed 03 Aug 2016 07:12:39 AM CEST

Optimize a model with 2351 rows, 141953 columns and 275336 nonzeros
Coefficient statistics:
  Matrix range    [1e+00, 2e+03]
  Objective range [1e+00, 1e+00]
  Bounds range    [1e+00, 1e+00]
  RHS range       [1e+00, 1e+00]
Found heuristic solution: objective 2205
Presolve removed 2285 rows and 141824 columns
Presolve time: 0.93s
Presolved: 66 rows, 129 columns, 320 nonzeros
Variable types: 0 continuous, 129 integer (128 binary)

Root relaxation: objective 3.445313e+01, 111 iterations, 0.01 seconds

    Nodes    |    Current Node    |     Objective Bounds      |     Work
 Expl Unexpl |  Obj  Depth IntInf | Incumbent    BestBd   Gap | It/Node Time

     0     0   34.45313    0   65 2205.00000   34.45313  98.4%     -    1s
H    0     0                    2204.0000000   34.45313  98.4%     -    1s
     0     0     cutoff    0      2204.00000 2203.00221  0.05%     -    1s

Cutting planes:
  Gomory: 1

Explored 0 nodes (175 simplex iterations) in 1.09 seconds
Thread count was 2 (of 2 available processors)

Optimal solution found (tolerance 1.00e-04)
Best objective 2.204000000000e+03, best bound 2.204000000000e+03, gap 0.0%
Warning: constraints 0 and 1 have the same name "Constraint_1_filter_0"

Gurobi 6.5.2 (linux64) logging started Wed 03 Aug 2016 07:13:25 AM CEST


Gurobi 6.5.2 (linux64) logging started Wed 03 Aug 2016 08:35:07 AM CEST

Optimize a model with 94 rows, 497 columns and 1627 nonzeros
Coefficient statistics:
  Matrix range    [1e+00, 2e+03]
  Objective range [1e+00, 1e+00]
  Bounds range    [1e+00, 1e+00]
  RHS range       [1e+00, 2e+01]
Found heuristic solution: objective 2205
Presolve removed 41 rows and 178 columns
Presolve time: 0.05s
Presolved: 53 rows, 319 columns, 952 nonzeros
Variable types: 1 continuous, 318 integer (311 binary)

Root relaxation: objective 2.500000e-01, 30 iterations, 0.02 seconds

    Nodes    |    Current Node    |     Objective Bounds      |     Work
 Expl Unexpl |  Obj  Depth IntInf | Incumbent    BestBd   Gap | It/Node Time

     0     0    0.25000    0   12 2205.00000    0.25000   100%     -    0s
H    0     0                    1102.0000000    0.25000   100%     -    0s
     0     0    0.25000    0   13 1102.00000    0.25000   100%     -    0s
     0     0   56.21094    0   17 1102.00000   56.21094  94.9%     -    0s
     0     0  214.52778    0   18 1102.00000  214.52778  80.5%     -    0s
H    0     0                     552.0000000  214.52778  61.1%     -    0s
H    0     0                     551.0000000  214.52778  61.1%     -    0s
     0     0  214.52778    0   24  551.00000  214.52778  61.1%     -    0s
     0     0  275.75000    0   26  551.00000  275.75000  50.0%     -    0s
     0     0  275.75000    0   18  551.00000  275.75000  50.0%     -    0s
     0     0  275.75000    0   13  551.00000  275.75000  50.0%     -    0s
     0     0  275.75000    0   20  551.00000  275.75000  50.0%     -    0s
     0     0  275.75000    0   19  551.00000  275.75000  50.0%     -    0s
     0     0  275.75000    0   31  551.00000  275.75000  50.0%     -    0s
H    0     0                     276.5000000  275.75000  0.27%     -    0s
     0     0  275.75000    0    9  276.50000  275.75000  0.27%     -    0s
     0     0  275.75000    0    8  276.50000  275.75000  0.27%     -    0s
     0     0  275.75000    0    8  276.50000  275.75000  0.27%     -    0s
     0     0  275.75000    0   10  276.50000  275.75000  0.27%     -    0s
     0     0  275.75000    0    8  276.50000  275.75000  0.27%     -    0s
     0     2  275.75000    0    8  276.50000  275.75000  0.27%     -    0s

Explored 268 nodes (1130 simplex iterations) in 0.42 seconds
Thread count was 2 (of 2 available processors)

Optimal solution found (tolerance 1.00e-04)
Best objective 2.765000000000e+02, best bound 2.765000000000e+02, gap 0.0%
Warning: constraints 0 and 1 have the same name "Constraint_1_filter_0"

Gurobi 6.5.2 (linux64) logging started Wed 03 Aug 2016 08:39:04 AM CEST

Optimize a model with 94 rows, 497 columns and 1627 nonzeros
Coefficient statistics:
  Matrix range    [1e+00, 2e+01]
  Objective range [1e+00, 1e+00]
  Bounds range    [1e+00, 1e+00]
  RHS range       [1e+00, 2e+01]
Found heuristic solution: objective 12
Presolve removed 41 rows and 178 columns
Presolve time: 0.02s
Presolved: 53 rows, 319 columns, 952 nonzeros
Variable types: 1 continuous, 318 integer (311 binary)

Root relaxation: objective 2.500000e-01, 31 iterations, 0.01 seconds

    Nodes    |    Current Node    |     Objective Bounds      |     Work
 Expl Unexpl |  Obj  Depth IntInf | Incumbent    BestBd   Gap | It/Node Time

     0     0    0.25000    0   12   12.00000    0.25000  97.9%     -    0s
H    0     0                       6.5000000    0.25000  96.2%     -    0s
H    0     0                       5.5000000    0.25000  95.5%     -    0s
     0     0    0.44444    0   14    5.50000    0.44444  91.9%     -    0s
     0     0    0.62500    0   18    5.50000    0.62500  88.6%     -    0s
     0     0    1.31944    0   33    5.50000    1.31944  76.0%     -    0s
H    0     0                       2.7500000    1.31944  52.0%     -    0s
     0     0    1.31944    0   33    2.75000    1.31944  52.0%     -    0s
     0     0    1.62500    0   39    2.75000    1.62500  40.9%     -    0s
     0     0    1.62500    0   39    2.75000    1.62500  40.9%     -    0s
     0     0    1.62500    0   31    2.75000    1.62500  40.9%     -    0s
H    0     0                       2.3750000    1.62500  31.6%     -    0s
     0     0    1.62500    0   27    2.37500    1.62500  31.6%     -    0s
     0     0    1.62500    0    8    2.37500    1.62500  31.6%     -    0s
     0     0    1.62500    0   14    2.37500    1.62500  31.6%     -    0s
H    0     0                       2.0000000    1.62500  18.7%     -    0s
H    0     0                       1.8333333    1.62500  11.4%     -    0s
     0     0    1.62500    0   21    1.83333    1.62500  11.4%     -    0s
     0     0    1.62500    0   26    1.83333    1.62500  11.4%     -    0s
     0     0    1.62500    0   18    1.83333    1.62500  11.4%     -    0s
     0     0    1.62500    0   18    1.83333    1.62500  11.4%     -    0s
     0     0    1.62500    0   20    1.83333    1.62500  11.4%     -    0s
     0     0    1.62500    0   14    1.83333    1.62500  11.4%     -    0s
     0     0    1.62500    0   14    1.83333    1.62500  11.4%     -    0s
     0     0    1.62500    0   12    1.83333    1.62500  11.4%     -    0s
     0     0    1.62500    0    9    1.83333    1.62500  11.4%     -    0s
     0     0    1.62500    0    9    1.83333    1.62500  11.4%     -    0s
     0     0    1.62500    0   15    1.83333    1.62500  11.4%     -    0s
     0     0    1.63265    0   27    1.83333    1.63265  10.9%     -    0s
     0     0    1.64286    0    7    1.83333    1.64286  10.4%     -    0s
     0     0     cutoff    0         1.83333    1.83333  0.00%     -    0s

Cutting planes:
  Gomory: 4
  Cover: 7
  Implied bound: 2
  Clique: 7
  MIR: 2

Explored 0 nodes (1216 simplex iterations) in 0.34 seconds
Thread count was 2 (of 2 available processors)

Optimal solution found (tolerance 1.00e-04)
Best objective 1.833333333333e+00, best bound 1.833333333333e+00, gap 0.0%
Warning: constraints 0 and 1 have the same name "Constraint_1_filter_0"

Gurobi 6.5.2 (linux64) logging started Wed 03 Aug 2016 08:40:07 AM CEST

Optimize a model with 94 rows, 497 columns and 1619 nonzeros
Coefficient statistics:
  Matrix range    [1e+00, 2e+01]
  Objective range [1e+00, 1e+00]
  Bounds range    [1e+00, 1e+00]
  RHS range       [1e+00, 2e+01]
Found heuristic solution: objective 12
Presolve removed 42 rows and 186 columns
Presolve time: 0.02s
Presolved: 52 rows, 311 columns, 936 nonzeros
Variable types: 1 continuous, 310 integer (303 binary)

Root relaxation: objective 1.250000e-01, 27 iterations, 0.01 seconds

    Nodes    |    Current Node    |     Objective Bounds      |     Work
 Expl Unexpl |  Obj  Depth IntInf | Incumbent    BestBd   Gap | It/Node Time

     0     0    0.12500    0   12   12.00000    0.12500  99.0%     -    0s
H    0     0                       2.7500000    0.12500  95.5%     -    0s
     0     0    0.51368    0   21    2.75000    0.51368  81.3%     -    0s
H    0     0                       2.2000000    0.51368  76.7%     -    0s
     0     0    0.53932    0   22    2.20000    0.53932  75.5%     -    0s
     0     0    1.50000    0    8    2.20000    1.50000  31.8%     -    0s
     0     0    1.50000    0   13    2.20000    1.50000  31.8%     -    0s
H    0     0                       1.5714286    1.50000  4.55%     -    0s
     0     0    1.50000    0    8    1.57143    1.50000  4.55%     -    0s
     0     0    1.50000    0   16    1.57143    1.50000  4.55%     -    0s
     0     0    1.50000    0   26    1.57143    1.50000  4.55%     -    0s
     0     0    1.50000    0   26    1.57143    1.50000  4.55%     -    0s
     0     0    1.50000    0   16    1.57143    1.50000  4.55%     -    0s
     0     0    1.50000    0   17    1.57143    1.50000  4.55%     -    0s
     0     0    1.50476    0   20    1.57143    1.50476  4.24%     -    0s
     0     0    1.50476    0   14    1.57143    1.50476  4.24%     -    0s
     0     0    1.50476    0   14    1.57143    1.50476  4.24%     -    0s
     0     0    1.50476    0   25    1.57143    1.50476  4.24%     -    0s
     0     0    1.51786    0    8    1.57143    1.51786  3.41%     -    0s
     0     0    1.51786    0    8    1.57143    1.51786  3.41%     -    0s

Cutting planes:
  Gomory: 3
  Implied bound: 2
  Clique: 1

Explored 0 nodes (946 simplex iterations) in 0.23 seconds
Thread count was 2 (of 2 available processors)

Optimal solution found (tolerance 1.00e-04)
Best objective 1.571428571429e+00, best bound 1.571428571429e+00, gap 0.0%
Warning: constraints 0 and 1 have the same name "Constraint_1_filter_0"

Gurobi 6.5.2 (linux64) logging started Thu 04 Aug 2016 04:59:44 AM CEST

Optimize a model with 94 rows, 497 columns and 1619 nonzeros
Coefficient statistics:
  Matrix range    [1e+00, 2e+01]
  Objective range [1e+00, 1e+00]
  Bounds range    [1e+00, 1e+00]
  RHS range       [1e+00, 2e+01]
Found heuristic solution: objective 12
Presolve removed 42 rows and 186 columns
Presolve time: 0.02s
Presolved: 52 rows, 311 columns, 936 nonzeros
Variable types: 1 continuous, 310 integer (303 binary)

Root relaxation: objective 1.250000e-01, 27 iterations, 0.00 seconds

    Nodes    |    Current Node    |     Objective Bounds      |     Work
 Expl Unexpl |  Obj  Depth IntInf | Incumbent    BestBd   Gap | It/Node Time

     0     0    0.12500    0   12   12.00000    0.12500  99.0%     -    0s
H    0     0                       2.7500000    0.12500  95.5%     -    0s
     0     0    0.51368    0   21    2.75000    0.51368  81.3%     -    0s
H    0     0                       2.2000000    0.51368  76.7%     -    0s
     0     0    0.53932    0   22    2.20000    0.53932  75.5%     -    0s
     0     0    1.50000    0    8    2.20000    1.50000  31.8%     -    0s
     0     0    1.50000    0   13    2.20000    1.50000  31.8%     -    0s
H    0     0                       1.5714286    1.50000  4.55%     -    0s
     0     0    1.50000    0    8    1.57143    1.50000  4.55%     -    0s
     0     0    1.50000    0   16    1.57143    1.50000  4.55%     -    0s
     0     0    1.50000    0   26    1.57143    1.50000  4.55%     -    0s
     0     0    1.50000    0   26    1.57143    1.50000  4.55%     -    0s
     0     0    1.50000    0   16    1.57143    1.50000  4.55%     -    0s
     0     0    1.50000    0   17    1.57143    1.50000  4.55%     -    0s
     0     0    1.50476    0   20    1.57143    1.50476  4.24%     -    0s
     0     0    1.50476    0   14    1.57143    1.50476  4.24%     -    0s
     0     0    1.50476    0   14    1.57143    1.50476  4.24%     -    0s
     0     0    1.50476    0   25    1.57143    1.50476  4.24%     -    0s
     0     0    1.51786    0    8    1.57143    1.51786  3.41%     -    0s
     0     0    1.51786    0    8    1.57143    1.51786  3.41%     -    0s

Cutting planes:
  Gomory: 3
  Implied bound: 2
  Clique: 1

Explored 0 nodes (946 simplex iterations) in 0.17 seconds
Thread count was 2 (of 2 available processors)

Optimal solution found (tolerance 1.00e-04)
Best objective 1.571428571429e+00, best bound 1.571428571429e+00, gap 0.0%
Warning: constraints 0 and 1 have the same name "Constraint_1_filter_0"

Gurobi 6.5.2 (linux64) logging started Thu 04 Aug 2016 05:00:38 AM CEST

Optimize a model with 25 rows, 35 columns and 71 nonzeros
Coefficient statistics:
  Matrix range    [1e+00, 2e+03]
  Objective range [1e+00, 1e+00]
  Bounds range    [1e+00, 1e+00]
  RHS range       [1e+00, 9e+00]
Found heuristic solution: objective 2205
Presolve removed 20 rows and 27 columns
Presolve time: 0.00s
Presolved: 5 rows, 8 columns, 24 nonzeros
Variable types: 0 continuous, 8 integer (7 binary)

Root relaxation: objective 1.102500e+03, 4 iterations, 0.00 seconds

    Nodes    |    Current Node    |     Objective Bounds      |     Work
 Expl Unexpl |  Obj  Depth IntInf | Incumbent    BestBd   Gap | It/Node Time

     0     0 1102.50000    0    3 2205.00000 1102.50000  50.0%     -    0s
H    0     0                    1103.0000000 1102.50000  0.05%     -    0s

Explored 0 nodes (4 simplex iterations) in 0.00 seconds
Thread count was 2 (of 2 available processors)

Optimal solution found (tolerance 1.00e-04)
Best objective 1.103000000000e+03, best bound 1.103000000000e+03, gap 0.0%
Warning: constraints 0 and 1 have the same name "Constraint_1_filter_0"

Gurobi 6.5.2 (linux64) logging started Thu 04 Aug 2016 05:03:00 AM CEST

Optimize a model with 44 rows, 113 columns and 299 nonzeros
Coefficient statistics:
  Matrix range    [1e+00, 2e+03]
  Objective range [1e+00, 1e+00]
  Bounds range    [1e+00, 1e+00]
  RHS range       [1e+00, 1e+01]
Found heuristic solution: objective 2205
Presolve removed 26 rows and 64 columns
Presolve time: 0.00s
Presolved: 18 rows, 49 columns, 144 nonzeros
Variable types: 0 continuous, 49 integer (47 binary)

Root relaxation: objective 3.675833e+02, 9 iterations, 0.00 seconds

    Nodes    |    Current Node    |     Objective Bounds      |     Work
 Expl Unexpl |  Obj  Depth IntInf | Incumbent    BestBd   Gap | It/Node Time

     0     0  367.58333    0    6 2205.00000  367.58333  83.3%     -    0s
H    0     0                    1102.0000000  367.58333  66.6%     -    0s
     0     0  551.25000    0   11 1102.00000  551.25000  50.0%     -    0s
H    0     0                     552.0000000  551.25000  0.14%     -    0s
     0     0  551.33333    0    3  552.00000  551.33333  0.12%     -    0s
     0     0 infeasible    0       552.00000  551.66722  0.06%     -    0s

Explored 0 nodes (53 simplex iterations) in 0.05 seconds
Thread count was 2 (of 2 available processors)

Optimal solution found (tolerance 1.00e-04)
Best objective 5.520000000000e+02, best bound 5.520000000000e+02, gap 0.0%
Warning: constraints 0 and 1 have the same name "Constraint_1_filter_0"

Gurobi 6.5.2 (linux64) logging started Thu 04 Aug 2016 05:03:04 AM CEST

Optimize a model with 44 rows, 113 columns and 299 nonzeros
Coefficient statistics:
  Matrix range    [1e+00, 2e+01]
  Objective range [1e+00, 1e+00]
  Bounds range    [1e+00, 1e+00]
  RHS range       [1e+00, 1e+01]
Found heuristic solution: objective 12
Presolve removed 26 rows and 64 columns
Presolve time: 0.00s
Presolved: 18 rows, 49 columns, 144 nonzeros
Variable types: 0 continuous, 49 integer (47 binary)

Root relaxation: objective 2.083333e+00, 9 iterations, 0.00 seconds

    Nodes    |    Current Node    |     Objective Bounds      |     Work
 Expl Unexpl |  Obj  Depth IntInf | Incumbent    BestBd   Gap | It/Node Time

     0     0    2.08333    0    5   12.00000    2.08333  82.6%     -    0s
H    0     0                       5.5000000    2.08333  62.1%     -    0s
     0     0    3.00000    0    6    5.50000    3.00000  45.5%     -    0s
H    0     0                       3.6666667    3.00000  18.2%     -    0s
     0     0    3.00000    0    4    3.66667    3.00000  18.2%     -    0s
     0     0    3.00000    0    4    3.66667    3.00000  18.2%     -    0s
     0     0     cutoff    0         3.66667    3.58334  2.27%     -    0s

Cutting planes:
  Gomory: 3
  Cover: 4

Explored 0 nodes (71 simplex iterations) in 0.03 seconds
Thread count was 2 (of 2 available processors)

Optimal solution found (tolerance 1.00e-04)
Best objective 3.666666666667e+00, best bound 3.666666666667e+00, gap 0.0%
Warning: constraints 0 and 1 have the same name "Constraint_1_filter_0"

Gurobi 6.5.2 (linux64) logging started Thu 04 Aug 2016 09:53:37 AM CEST

Optimize a model with 44 rows, 113 columns and 299 nonzeros
Coefficient statistics:
  Matrix range    [1e+00, 2e+03]
  Objective range [1e+00, 1e+00]
  Bounds range    [1e+00, 1e+00]
  RHS range       [1e+00, 1e+01]
Found heuristic solution: objective 2205
Presolve removed 26 rows and 64 columns
Presolve time: 0.02s
Presolved: 18 rows, 49 columns, 144 nonzeros
Variable types: 0 continuous, 49 integer (47 binary)

Root relaxation: objective 3.675833e+02, 9 iterations, 0.00 seconds

    Nodes    |    Current Node    |     Objective Bounds      |     Work
 Expl Unexpl |  Obj  Depth IntInf | Incumbent    BestBd   Gap | It/Node Time

     0     0  367.58333    0    6 2205.00000  367.58333  83.3%     -    0s
H    0     0                    1102.0000000  367.58333  66.6%     -    0s
     0     0  551.25000    0   11 1102.00000  551.25000  50.0%     -    0s
H    0     0                     552.0000000  551.25000  0.14%     -    0s
     0     0  551.33333    0    3  552.00000  551.33333  0.12%     -    0s
     0     0 infeasible    0       552.00000  551.66722  0.06%     -    0s

Explored 0 nodes (53 simplex iterations) in 0.06 seconds
Thread count was 2 (of 2 available processors)

Optimal solution found (tolerance 1.00e-04)
Best objective 5.520000000000e+02, best bound 5.520000000000e+02, gap 0.0%
Warning: constraints 0 and 1 have the same name "Constraint_1_filter_0"

Gurobi 6.5.2 (linux64) logging started Thu 04 Aug 2016 09:53:41 AM CEST

Optimize a model with 44 rows, 113 columns and 299 nonzeros
Coefficient statistics:
  Matrix range    [1e+00, 2e+01]
  Objective range [1e+00, 1e+00]
  Bounds range    [1e+00, 1e+00]
  RHS range       [1e+00, 1e+01]
Found heuristic solution: objective 12
Presolve removed 26 rows and 64 columns
Presolve time: 0.00s
Presolved: 18 rows, 49 columns, 144 nonzeros
Variable types: 0 continuous, 49 integer (47 binary)

Root relaxation: objective 2.083333e+00, 9 iterations, 0.00 seconds

    Nodes    |    Current Node    |     Objective Bounds      |     Work
 Expl Unexpl |  Obj  Depth IntInf | Incumbent    BestBd   Gap | It/Node Time

     0     0    2.08333    0    5   12.00000    2.08333  82.6%     -    0s
H    0     0                       5.5000000    2.08333  62.1%     -    0s
     0     0    3.00000    0    6    5.50000    3.00000  45.5%     -    0s
H    0     0                       3.6666667    3.00000  18.2%     -    0s
     0     0    3.00000    0    4    3.66667    3.00000  18.2%     -    0s
     0     0    3.00000    0    4    3.66667    3.00000  18.2%     -    0s
     0     0     cutoff    0         3.66667    3.58334  2.27%     -    0s

Cutting planes:
  Gomory: 3
  Cover: 4

Explored 0 nodes (71 simplex iterations) in 0.01 seconds
Thread count was 2 (of 2 available processors)

Optimal solution found (tolerance 1.00e-04)
Best objective 3.666666666667e+00, best bound 3.666666666667e+00, gap 0.0%
Warning: constraints 0 and 1 have the same name "Constraint_1_filter_0"

Gurobi 6.5.2 (linux64) logging started Thu 04 Aug 2016 09:57:31 AM CEST

Optimize a model with 1476 rows, 4321 columns and 13495 nonzeros
Coefficient statistics:
  Matrix range    [1e+00, 5e+02]
  Objective range [1e+00, 1e+00]
  Bounds range    [1e+00, 1e+00]
  RHS range       [1e+00, 1e+01]
Found heuristic solution: objective 9610
Presolve removed 766 rows and 1920 columns
Presolve time: 0.03s
Presolved: 710 rows, 2401 columns, 7136 nonzeros
Variable types: 0 continuous, 2401 integer (2347 binary)

Root relaxation: objective 1.758000e+03, 323 iterations, 0.00 seconds

    Nodes    |    Current Node    |     Objective Bounds      |     Work
 Expl Unexpl |  Obj  Depth IntInf | Incumbent    BestBd   Gap | It/Node Time

     0     0 1758.00000    0  111 9610.00000 1758.00000  81.7%     -    0s
H    0     0                    2409.0000000 1758.00000  27.0%     -    0s
H    0     0                    2403.5000000 1758.00000  26.9%     -    0s
     0     0 2402.50000    0    6 2403.50000 2402.50000  0.04%     -    0s
     0     0 2402.50000    0   12 2403.50000 2402.50000  0.04%     -    0s
     0     0 2402.50000    0    4 2403.50000 2402.50000  0.04%     -    0s
     0     2 2402.50000    0    4 2403.50000 2402.50000  0.04%     -    0s
H  110   112                    2403.2500000 2402.50000  0.03%   6.4    0s
H  342   340                    2403.1666667 2402.50000  0.03%   5.1    0s
H  457   420                    2403.0000000 2402.50000  0.02%   5.1    1s
H  739   546                    2402.8333333 2402.50000  0.01%   4.8    2s
   746   551 2402.50000   85    6 2402.83333 2402.50000  0.01%   4.8    5s
  3098  1811 2402.50000  188    7 2402.83333 2402.50000  0.01%   5.5   10s
H 4063  2271                    2402.6666667 2402.50000  0.01%   5.3   10s

Explored 4133 nodes (22344 simplex iterations) in 10.90 seconds
Thread count was 2 (of 2 available processors)

Optimal solution found (tolerance 1.00e-04)
Best objective 2.402666666667e+03, best bound 2.402500000000e+03, gap 0.0069%
Warning: constraints 0 and 1 have the same name "Constraint_1_filter_0"

Gurobi 6.5.2 (linux64) logging started Mon 08 Aug 2016 02:49:02 AM CEST

Optimize a model with 1476 rows, 4321 columns and 13495 nonzeros
Coefficient statistics:
  Matrix range    [1e+00, 5e+02]
  Objective range [1e+00, 1e+00]
  Bounds range    [1e+00, 1e+00]
  RHS range       [1e+00, 1e+01]
Found heuristic solution: objective 9610
Presolve removed 766 rows and 1920 columns
Presolve time: 0.04s
Presolved: 710 rows, 2401 columns, 7136 nonzeros
Variable types: 0 continuous, 2401 integer (2347 binary)

Root relaxation: objective 1.758000e+03, 323 iterations, 0.01 seconds

    Nodes    |    Current Node    |     Objective Bounds      |     Work
 Expl Unexpl |  Obj  Depth IntInf | Incumbent    BestBd   Gap | It/Node Time

     0     0 1758.00000    0  111 9610.00000 1758.00000  81.7%     -    0s
H    0     0                    2409.0000000 1758.00000  27.0%     -    0s
H    0     0                    2403.5000000 1758.00000  26.9%     -    0s
     0     0 2402.50000    0    6 2403.50000 2402.50000  0.04%     -    0s
     0     0 2402.50000    0   12 2403.50000 2402.50000  0.04%     -    0s
     0     0 2402.50000    0    4 2403.50000 2402.50000  0.04%     -    0s
     0     2 2402.50000    0    4 2403.50000 2402.50000  0.04%     -    0s
H  110   112                    2403.2500000 2402.50000  0.03%   6.4    1s
H  342   340                    2403.1666667 2402.50000  0.03%   5.1    1s
H  457   420                    2403.0000000 2402.50000  0.02%   5.1    2s
H  739   546                    2402.8333333 2402.50000  0.01%   4.8    5s
   746   551 2402.50000   85    6 2402.83333 2402.50000  0.01%   4.8   10s
  1047   747 2402.50000   89    8 2402.83333 2402.50000  0.01%   7.3   15s
  3264  1951 2402.50000  208    6 2402.83333 2402.50000  0.01%   5.5   20s
H 4063  2271                    2402.6666667 2402.50000  0.01%   5.3   21s

Explored 4133 nodes (22344 simplex iterations) in 21.40 seconds
Thread count was 2 (of 2 available processors)

Optimal solution found (tolerance 1.00e-04)
Best objective 2.402666666667e+03, best bound 2.402500000000e+03, gap 0.0069%
Warning: constraints 0 and 1 have the same name "Constraint_1_filter_0"

Gurobi 6.5.2 (linux64) logging started Mon 08 Aug 2016 02:53:20 AM CEST

Optimize a model with 240 rows, 1409 columns and 4741 nonzeros
Coefficient statistics:
  Matrix range    [1e+00, 6e+02]
  Objective range [1e+00, 1e+00]
  Bounds range    [1e+00, 1e+00]
  RHS range       [1e+00, 2e+01]
Found heuristic solution: objective 1381
Presolve removed 100 rows and 478 columns
Presolve time: 0.03s
Presolved: 140 rows, 931 columns, 2792 nonzeros
Variable types: 1 continuous, 930 integer (909 binary)

Root relaxation: objective 1.587500e+01, 72 iterations, 0.00 seconds

    Nodes    |    Current Node    |     Objective Bounds      |     Work
 Expl Unexpl |  Obj  Depth IntInf | Incumbent    BestBd   Gap | It/Node Time

     0     0   15.87500    0   21 1381.00000   15.87500  98.9%     -    0s
H    0     0                     302.0000000   15.87500  94.7%     -    0s
     0     0   33.28868    0   34  302.00000   33.28868  89.0%     -    0s
     0     0  172.62500    0   30  302.00000  172.62500  42.8%     -    0s
H    0     0                     226.5000000  172.62500  23.8%     -    0s
     0     0  172.62500    0   44  226.50000  172.62500  23.8%     -    0s
     0     0  172.62500    0   13  226.50000  172.62500  23.8%     -    0s
H    0     0                     201.3333333  172.62500  14.3%     -    0s
     0     2  172.62500    0   13  201.33333  172.62500  14.3%     -    0s
H   55    15                     186.6190476  172.62500  7.50%  17.0    0s
*   69    17              24     173.2857143  172.62500  0.38%  14.6    0s
H   86    34                     173.0000000  172.62500  0.22%  12.4    0s
  1484   665  172.63265   16   13  173.00000  172.62500  0.22%  12.6    5s

Cutting planes:
  Cover: 11
  Clique: 4
  MIR: 4
  Zero half: 1

Explored 2132 nodes (24060 simplex iterations) in 6.09 seconds
Thread count was 2 (of 2 available processors)

Optimal solution found (tolerance 1.00e-04)
Best objective 1.730000000000e+02, best bound 1.730000000000e+02, gap 0.0%
Warning: constraints 0 and 1 have the same name "Constraint_1_filter_0"
